#
# There is insufficient memory for the Java Runtime Environment to continue.
# Native memory allocation (mmap) failed to map 264241152 bytes for Failed to commit area from 0x0000000704800000 to 0x0000000714400000 of length 264241152.
# Possible reasons:
#   The system is out of physical RAM or swap space
#   The process is running with CompressedOops enabled, and the Java Heap may be blocking the growth of the native heap
# Possible solutions:
#   Reduce memory load on the system
#   Increase physical memory or swap space
#   Check if swap backing store is full
#   Decrease Java heap size (-Xmx/-Xms)
#   Decrease number of Java threads
#   Decrease Java thread stack sizes (-Xss)
#   Set larger code cache with -XX:ReservedCodeCacheSize=
# This output file may be truncated or incomplete.
#
#  Out of Memory Error (./src/hotspot/os/windows/os_windows.cpp:3301), pid=14424, tid=23376
#
# JRE version:  (11.0.11+9) (build )
# Java VM: Dynamic Code Evolution 64-Bit Server VM (11.0.11+9-b1341.57, mixed mode, sharing, tiered, compressed oops, g1 gc, windows-amd64)
# No core dump will be written. Minidumps are not enabled by default on client versions of Windows
#

---------------  S U M M A R Y ------------

Command Line: org.jetbrains.git4idea.http.GitAskPassApp Username for 'https://github.com': 

Host: Intel(R) Core(TM) i7-10700 CPU @ 2.90GHz, 16 cores, 15G,  Windows 10 , 64 bit Build 19041 (10.0.19041.1023)
Time: Wed Jun 23 17:18:03 2021 中国标准时间 elapsed time: 0.008138 seconds (0d 0h 0m 0s)

---------------  T H R E A D  ---------------

Current thread (0x000001cd3860b000):  JavaThread "Unknown thread" [_thread_in_vm, id=23376, stack(0x000000134dc00000,0x000000134dd00000)]

Stack: [0x000000134dc00000,0x000000134dd00000]
Native frames: (J=compiled Java code, j=interpreted, Vv=VM code, C=native code)
V  [jvm.dll+0x5fdd0a]
V  [jvm.dll+0x7822a5]
V  [jvm.dll+0x7838bd]
V  [jvm.dll+0x783f73]
V  [jvm.dll+0x245ed8]
V  [jvm.dll+0x5fb104]
V  [jvm.dll+0x5f0065]
V  [jvm.dll+0x302ecb]
V  [jvm.dll+0x302e3a]
V  [jvm.dll+0x302d12]
V  [jvm.dll+0x307c06]
V  [jvm.dll+0x350aa3]
V  [jvm.dll+0x3511a6]
V  [jvm.dll+0x350ba3]
V  [jvm.dll+0x2dca78]
V  [jvm.dll+0x2ddc27]
V  [jvm.dll+0x760907]
V  [jvm.dll+0x76219c]
V  [jvm.dll+0x35e039]
V  [jvm.dll+0x743e8e]
V  [jvm.dll+0x3c69b3]
V  [jvm.dll+0x3c8db1]
C  [jli.dll+0x5373]
C  [ucrtbase.dll+0x21bb2]
C  [KERNEL32.DLL+0x17034]
C  [ntdll.dll+0x52651]


---------------  P R O C E S S  ---------------

Threads class SMR info:
_java_thread_list=0x000001cd36bfe990, length=0, elements={
}

Java Threads: ( => current thread )

Other Threads:
  0x000001cd38623800 GCTaskThread "GC Thread#0" [stack: 0x000000134dd00000,0x000000134de00000] [id=15024]
  0x000001cd38681000 ConcurrentGCThread "G1 Main Marker" [stack: 0x000000134de00000,0x000000134df00000] [id=22024]
  0x000001cd38684000 ConcurrentGCThread "G1 Conc#0" [stack: 0x000000134df00000,0x000000134e000000] [id=2624]

[error occurred during error reporting (printing all threads), id 0xc0000005, EXCEPTION_ACCESS_VIOLATION (0xc0000005) at pc=0x00007ffb9135d047]

VM state:not at safepoint (not fully initialized)

VM Mutex/Monitor currently owned by a thread:  ([mutex/lock_event])
[0x000001cd386074d0] Heap_lock - owner thread: 0x000001cd3860b000

Heap address: 0x0000000704800000, size: 4024 MB, Compressed Oops mode: Non-zero based: 0x0000000704800000
Narrow klass base: 0x0000000000000000, Narrow klass shift: 0

GC Heap History (0 events):
No events

Deoptimization events (0 events):
No events

Classes redefined (0 events):
No events

Internal exceptions (0 events):
No events

Events (1 events):
Event: 0.005 Loaded shared library D:\JetBrains\IntelliJ IDEA 2021.1.2\jbr\bin\zip.dll


Dynamic libraries:
0x00007ff6d0bb0000 - 0x00007ff6d0bba000 	D:\JetBrains\IntelliJ IDEA 2021.1.2\jbr\bin\java.exe
0x00007ffbc42b0000 - 0x00007ffbc44a5000 	C:\Windows\SYSTEM32\ntdll.dll
0x00007ffbc31a0000 - 0x00007ffbc325d000 	C:\Windows\System32\KERNEL32.DLL
0x00007ffbc2050000 - 0x00007ffbc2318000 	C:\Windows\System32\KERNELBASE.dll
0x00007ffbc19f0000 - 0x00007ffbc1af0000 	C:\Windows\System32\ucrtbase.dll
0x00007ffba1020000 - 0x00007ffba1039000 	D:\JetBrains\IntelliJ IDEA 2021.1.2\jbr\bin\jli.dll
0x00007ffba0f60000 - 0x00007ffba0f77000 	D:\JetBrains\IntelliJ IDEA 2021.1.2\jbr\bin\VCRUNTIME140.dll
0x00007ffbc36d0000 - 0x00007ffbc3870000 	C:\Windows\System32\USER32.dll
0x00007ffbc1cf0000 - 0x00007ffbc1d12000 	C:\Windows\System32\win32u.dll
0x00007ffbc2af0000 - 0x00007ffbc2b1a000 	C:\Windows\System32\GDI32.dll
0x00007ffbc1d20000 - 0x00007ffbc1e2b000 	C:\Windows\System32\gdi32full.dll
0x00007ffba4790000 - 0x00007ffba4a2a000 	C:\Windows\WinSxS\amd64_microsoft.windows.common-controls_6595b64144ccf1df_6.0.19041.1052_none_60b8f8fd71f5e8cb\COMCTL32.dll
0x00007ffbc1c50000 - 0x00007ffbc1ced000 	C:\Windows\System32\msvcp_win.dll
0x00007ffbc3f70000 - 0x00007ffbc400e000 	C:\Windows\System32\msvcrt.dll
0x00007ffbc3640000 - 0x00007ffbc3670000 	C:\Windows\System32\IMM32.DLL
0x00007ffb75490000 - 0x00007ffb7552d000 	D:\JetBrains\IntelliJ IDEA 2021.1.2\jbr\bin\msvcp140.dll
0x00007ffb91070000 - 0x00007ffb91bc3000 	D:\JetBrains\IntelliJ IDEA 2021.1.2\jbr\bin\server\jvm.dll
0x00007ffbc3390000 - 0x00007ffbc343c000 	C:\Windows\System32\ADVAPI32.dll
0x00007ffbc3ce0000 - 0x00007ffbc3d7b000 	C:\Windows\System32\sechost.dll
0x00007ffbc3260000 - 0x00007ffbc338b000 	C:\Windows\System32\RPCRT4.dll
0x00007ffbc3440000 - 0x00007ffbc3448000 	C:\Windows\System32\PSAPI.DLL
0x00007ffbbadb0000 - 0x00007ffbbadd7000 	C:\Windows\SYSTEM32\WINMM.dll
0x00007ffbc16d0000 - 0x00007ffbc16da000 	C:\Windows\SYSTEM32\VERSION.dll
0x00007ffba4c20000 - 0x00007ffba4c29000 	C:\Windows\SYSTEM32\WSOCK32.dll
0x00007ffbc3e30000 - 0x00007ffbc3e9b000 	C:\Windows\System32\WS2_32.dll
0x00007ffbbf8f0000 - 0x00007ffbbf902000 	C:\Windows\SYSTEM32\kernel.appcore.dll
0x00007ffbbd840000 - 0x00007ffbbd851000 	D:\JetBrains\IntelliJ IDEA 2021.1.2\jbr\bin\verify.dll
0x00007ffba9d30000 - 0x00007ffba9f14000 	C:\Windows\SYSTEM32\DBGHELP.DLL
0x00007ffba9d00000 - 0x00007ffba9d2c000 	C:\Windows\SYSTEM32\dbgcore.DLL
0x00007ffbc1fc0000 - 0x00007ffbc2043000 	C:\Windows\System32\bcryptPrimitives.dll
0x00007ffbb9a60000 - 0x00007ffbb9a89000 	D:\JetBrains\IntelliJ IDEA 2021.1.2\jbr\bin\java.dll
0x00007ffbbd870000 - 0x00007ffbbd87b000 	D:\JetBrains\IntelliJ IDEA 2021.1.2\jbr\bin\jimage.dll
0x00007ffbbd820000 - 0x00007ffbbd838000 	D:\JetBrains\IntelliJ IDEA 2021.1.2\jbr\bin\zip.dll

dbghelp: loaded successfully - version: 4.0.5 - missing functions: none
symbol engine: initialized successfully - sym options: 0x614 - pdb path: .;D:\JetBrains\IntelliJ IDEA 2021.1.2\jbr\bin;C:\Windows\SYSTEM32;C:\Windows\WinSxS\amd64_microsoft.windows.common-controls_6595b64144ccf1df_6.0.19041.1052_none_60b8f8fd71f5e8cb;D:\JetBrains\IntelliJ IDEA 2021.1.2\jbr\bin\server

VM Arguments:
java_command: org.jetbrains.git4idea.http.GitAskPassApp Username for 'https://github.com': 
java_class_path (initial): D:/JetBrains/IntelliJ IDEA 2021.1.2/plugins/git4idea/lib/git4idea-rt.jar;D:/JetBrains/IntelliJ IDEA 2021.1.2/lib/xmlrpc-2.0.1.jar;D:/JetBrains/IntelliJ IDEA 2021.1.2/lib/commons-codec-1.15.jar
Launcher Type: SUN_STANDARD

[Global flags]
     intx CICompilerCount                          = 12                                        {product} {ergonomic}
     uint ConcGCThreads                            = 3                                         {product} {ergonomic}
     uint G1ConcRefinementThreads                  = 13                                        {product} {ergonomic}
   size_t G1HeapRegionSize                         = 1048576                                   {product} {ergonomic}
    uintx GCDrainStackTargetSize                   = 64                                        {product} {ergonomic}
   size_t InitialHeapSize                          = 264241152                                 {product} {ergonomic}
   size_t MarkStackSize                            = 4194304                                   {product} {ergonomic}
   size_t MaxHeapSize                              = 4219469824                                {product} {ergonomic}
   size_t MinHeapDeltaBytes                        = 1048576                                   {product} {ergonomic}
    uintx NonNMethodCodeHeapSize                   = 7594288                                {pd product} {ergonomic}
    uintx NonProfiledCodeHeapSize                  = 122031976                              {pd product} {ergonomic}
    uintx ProfiledCodeHeapSize                     = 122031976                              {pd product} {ergonomic}
    uintx ReservedCodeCacheSize                    = 251658240                              {pd product} {ergonomic}
     bool SegmentedCodeCache                       = true                                      {product} {ergonomic}
     bool UseCompressedClassPointers               = true                                 {lp64_product} {ergonomic}
     bool UseCompressedOops                        = true                                 {lp64_product} {ergonomic}
     bool UseG1GC                                  = true                                      {product} {ergonomic}
     bool UseLargePagesIndividualAllocation        = false                                  {pd product} {ergonomic}

Logging:
Log output configuration:
 #0: stdout all=warning uptime,level,tags
 #1: stderr all=off uptime,level,tags

Environment Variables:
JAVA_HOME=D:\Java\jdk1.8.0_152
CLASSPATH=.;D:\Java\jdk1.8.0_152\lib;D:\Java\jdk1.8.0_152\lib\tools.jar
PATH=D:\Git2.32\Git\mingw64\libexec\git-core;D:\Git2.32\Git\mingw64\libexec\git-core;D:\Git2.32\Git\mingw64\bin;D:\Git2.32\Git\usr\bin;C:\Users\liujiwei\bin;D:\Java\jdk1.8.0_152\bin;C:\ProgramData\Oracle\Java\javapath;C:\Program Files\VanDyke Software\Clients;C:\Windows\system32;C:\Windows;C:\Windows\System32\Wbem;C:\Windows\System32\WindowsPowerShell\v1.0;C:\Windows\System32\OpenSSH;D:\Maven\apache-maven-3.8.1\bin;D:\Git2.32\Git\cmd;D:\NetSarang\Xshell 7;D:\NetSarang\Xftp 7;D:\mysql\mysql-5.7.34-winx64\bin;C:\Users\liujiwei\AppData\Local\Microsoft\WindowsApps
USERNAME=liujiwei
DISPLAY=:0.0
LC_ALL=en_US.UTF-8
OS=Windows_NT
PROCESSOR_IDENTIFIER=Intel64 Family 6 Model 165 Stepping 5, GenuineIntel



---------------  S Y S T E M  ---------------

OS: Windows 10 , 64 bit Build 19041 (10.0.19041.1023)
OS uptime: 6 days 7:47 hours

CPU:total 16 (initial active 16) (8 cores per cpu, 2 threads per core) family 6 model 165 stepping 5 microcode 0xe0, cmov, cx8, fxsr, mmx, sse, sse2, sse3, ssse3, sse4.1, sse4.2, popcnt, avx, avx2, aes, clmul, erms, 3dnowpref, lzcnt, ht, tsc, tscinvbit, bmi1, bmi2, adx, fma

Memory: 4k page, system-wide physical 16091M (5170M free)
TotalPageFile size 28891M (AvailPageFile size 19M)
current process WorkingSet (physical memory assigned to process): 10M, peak: 10M
current process commit charge ("private bytes"): 71M, peak: 323M

vm_info: Dynamic Code Evolution 64-Bit Server VM (11.0.11+9-b1341.57) for windows-amd64 JRE (11.0.11+9-b1341.57), built on May 17 2021 14:09:08 by "" with MS VC++ 14.0 (VS2015)

END.
